{"level":"INFO","time":"2024-05-15T13:49:06.713+0800","caller":"srlogger/logger.go:35","msg":"logger level: info"}
2024-05-15T13:49:06.713+0800	INFO	srlogger/logger.go:35	logger level: info
{"level":"INFO","time":"2024-05-15T13:49:06.829+0800","caller":"router/router.go:31","msg":"add router success"}
2024-05-15T13:49:06.829+0800	INFO	router/router.go:31	add router success
{"level":"INFO","time":"2024-05-15T13:49:06.829+0800","caller":"srserver/server.go:52","msg":"init server success"}
2024-05-15T13:49:06.829+0800	INFO	srserver/server.go:52	init server success
{"level":"INFO","time":"2024-05-15T13:49:39.343+0800","caller":"srlogger/logger.go:35","msg":"logger level: debug"}
2024-05-15T13:49:39.343+0800	INFO	srlogger/logger.go:35	logger level: debug
{"level":"INFO","time":"2024-05-15T13:49:39.451+0800","caller":"router/router.go:31","msg":"add router success"}
2024-05-15T13:49:39.451+0800	INFO	router/router.go:31	add router success
{"level":"INFO","time":"2024-05-15T13:49:39.451+0800","caller":"srserver/server.go:52","msg":"init server success"}
2024-05-15T13:49:39.451+0800	INFO	srserver/server.go:52	init server success
{"level":"DEBUG","time":"2024-05-15T13:49:39.451+0800","caller":"src/main.go:42","msg":"test logger"}
2024-05-15T13:49:39.451+0800	DEBUG	src/main.go:42	test logger
{"level":"INFO","time":"2024-05-15T13:55:09.821+0800","caller":"srlogger/logger.go:36","msg":"logger level: debug"}
{"level":"INFO","time":"2024-05-15T13:55:09.923+0800","caller":"router/router.go:31","msg":"add router success"}
{"level":"INFO","time":"2024-05-15T13:55:09.923+0800","caller":"srserver/server.go:52","msg":"init server success"}
{"level":"DEBUG","time":"2024-05-15T13:55:09.923+0800","caller":"src/main.go:42","msg":"test logger"}
{"level":"INFO","time":"2024-05-15T13:57:00.965+0800","caller":"srlogger/logger.go:35","msg":"logger level: debug"}
{"level":"INFO","time":"2024-05-15T13:57:01.064+0800","caller":"router/router.go:31","msg":"add router success"}
{"level":"INFO","time":"2024-05-15T13:57:01.064+0800","caller":"srserver/server.go:52","msg":"init server success"}
{"level":"DEBUG","time":"2024-05-15T13:57:01.064+0800","caller":"src/main.go:42","msg":"test logger"}
{"level":"INFO","time":"2024-05-15T13:59:37.393+0800","caller":"srlogger/logger.go:35","msg":"logger level: debug"}
{"level":"INFO","time":"2024-05-15T13:59:37.497+0800","caller":"srserver/server.go:52","msg":"init server success"}
{"level":"INFO","time":"2024-05-15T21:16:19.147+0800","caller":"srlogger/logger.go:35","msg":"logger level: debug"}
{"level":"INFO","time":"2024-05-15T21:16:19.270+0800","caller":"srserver/server.go:52","msg":"init server success"}
{"level":"INFO","time":"2024-05-15T21:20:08.299+0800","caller":"srlogger/logger.go:35","msg":"logger level: debug"}
{"level":"INFO","time":"2024-05-15T21:20:08.404+0800","caller":"srserver/server.go:52","msg":"init server success"}
{"level":"INFO","time":"2024-05-15T21:20:43.173+0800","caller":"handler/user_handler.go:42","msg":"form","form":{"username":"","email":"","gender":0,"password":"","confirm_password":""}}
{"level":"ERROR","time":"2024-05-15T21:20:43.173+0800","caller":"handler/user_handler.go:46","msg":"sign in with invalid param","error":"EOF"}
{"level":"INFO","time":"2024-05-15T21:23:30.393+0800","caller":"srlogger/logger.go:35","msg":"logger level: debug"}
{"level":"INFO","time":"2024-05-15T21:23:30.508+0800","caller":"srserver/server.go:52","msg":"init server success"}
{"level":"INFO","time":"2024-05-15T21:24:53.303+0800","caller":"srlogger/logger.go:35","msg":"logger level: debug"}
{"level":"INFO","time":"2024-05-15T21:24:53.427+0800","caller":"srserver/server.go:52","msg":"init server success"}
{"level":"INFO","time":"2024-05-15T21:26:29.637+0800","caller":"srlogger/logger.go:35","msg":"logger level: debug"}
{"level":"INFO","time":"2024-05-15T21:26:29.760+0800","caller":"srserver/server.go:52","msg":"init server success"}
{"level":"INFO","time":"2024-05-15T21:26:57.495+0800","caller":"handler/user_handler.go:17","msg":"sign up"}
{"level":"ERROR","time":"2024-05-15T21:26:57.496+0800","caller":"handler/user_handler.go:46","msg":"sign in with invalid param","error":"EOF","form param":{"username":"","email":"","gender":0,"password":"","confirm_password":""}}
{"level":"INFO","time":"2024-05-15T21:26:57.496+0800","caller":"handler/user_handler.go:49","msg":"form param"}
{"level":"INFO","time":"2024-05-15T21:28:00.050+0800","caller":"handler/user_handler.go:17","msg":"sign up"}
{"level":"ERROR","time":"2024-05-15T21:28:00.050+0800","caller":"handler/user_handler.go:46","msg":"sign in with invalid param","error":"EOF","form param":{"username":"","email":"","gender":0,"password":"","confirm_password":""}}
{"level":"INFO","time":"2024-05-15T21:28:00.051+0800","caller":"handler/user_handler.go:49","msg":"form param"}
{"level":"INFO","time":"2024-05-15T21:29:38.311+0800","caller":"handler/user_handler.go:17","msg":"sign up"}
{"level":"ERROR","time":"2024-05-15T21:29:38.312+0800","caller":"handler/user_handler.go:46","msg":"sign in with invalid param","error":"invalid character '-' in numeric literal","form param":{"username":"","email":"","gender":0,"password":"","confirm_password":""}}
{"level":"INFO","time":"2024-05-15T21:29:38.312+0800","caller":"handler/user_handler.go:49","msg":"form param"}
{"level":"INFO","time":"2024-05-15T21:32:35.991+0800","caller":"srlogger/logger.go:35","msg":"logger level: debug"}
{"level":"INFO","time":"2024-05-15T21:32:36.106+0800","caller":"srserver/server.go:52","msg":"init server success"}
{"level":"INFO","time":"2024-05-15T21:33:10.963+0800","caller":"handler/user_handler.go:18","msg":"sign up"}
{"level":"ERROR","time":"2024-05-15T21:33:10.964+0800","caller":"handler/user_handler.go:48","msg":"sign in with invalid param","error":"EOF","form param":{"username":"","email":"","gender":0,"password":"","confirm_password":""}}
{"level":"INFO","time":"2024-05-15T21:33:10.964+0800","caller":"handler/user_handler.go:51","msg":"form param"}
{"level":"INFO","time":"2024-05-15T21:34:32.566+0800","caller":"handler/user_handler.go:18","msg":"sign up"}
{"level":"ERROR","time":"2024-05-15T21:34:32.567+0800","caller":"handler/user_handler.go:48","msg":"sign in with invalid param","error":"EOF","form param":{"username":"","email":"","gender":0,"password":"","confirm_password":""}}
{"level":"INFO","time":"2024-05-15T21:34:32.567+0800","caller":"handler/user_handler.go:51","msg":"form param"}
{"level":"INFO","time":"2024-05-15T21:35:03.743+0800","caller":"handler/user_handler.go:18","msg":"sign up"}
{"level":"ERROR","time":"2024-05-15T21:35:03.744+0800","caller":"handler/user_handler.go:48","msg":"sign in with invalid param","error":"EOF","form param":{"username":"","email":"","gender":0,"password":"","confirm_password":""}}
{"level":"INFO","time":"2024-05-15T21:35:03.744+0800","caller":"handler/user_handler.go:51","msg":"form param"}
{"level":"INFO","time":"2024-05-15T21:35:44.300+0800","caller":"handler/user_handler.go:18","msg":"sign up"}
{"level":"ERROR","time":"2024-05-15T21:35:44.301+0800","caller":"handler/user_handler.go:48","msg":"sign in with invalid param","error":"EOF","form param":{"username":"","email":"","gender":0,"password":"","confirm_password":""}}
{"level":"INFO","time":"2024-05-15T21:35:44.301+0800","caller":"handler/user_handler.go:51","msg":"form param"}
{"level":"INFO","time":"2024-05-15T21:40:28.656+0800","caller":"handler/user_handler.go:18","msg":"sign up"}
{"level":"ERROR","time":"2024-05-15T21:40:28.656+0800","caller":"handler/user_handler.go:48","msg":"sign in with invalid param","error":"EOF","form param":{"username":"","email":"","gender":0,"password":"","confirm_password":""}}
{"level":"INFO","time":"2024-05-15T21:40:28.656+0800","caller":"handler/user_handler.go:51","msg":"form param"}
{"level":"INFO","time":"2024-05-15T21:40:47.927+0800","caller":"handler/user_handler.go:18","msg":"sign up"}
{"level":"ERROR","time":"2024-05-15T21:40:47.928+0800","caller":"handler/user_handler.go:48","msg":"sign in with invalid param","error":"EOF","form param":{"username":"","email":"","gender":0,"password":"","confirm_password":""}}
{"level":"INFO","time":"2024-05-15T21:40:47.928+0800","caller":"handler/user_handler.go:51","msg":"form param"}
{"level":"INFO","time":"2024-05-15T21:45:14.685+0800","caller":"handler/user_handler.go:18","msg":"sign up"}
{"level":"WARN","time":"2024-05-15T21:45:14.712+0800","caller":"postgresql/user.go:30","msg":"error service sign in","error":"错误: 重复键违反唯一约束\"user_pk\" (SQLSTATE 23505)"}
{"level":"ERROR","time":"2024-05-15T21:45:14.712+0800","caller":"handler/user_handler.go:63","msg":"logic.signup failed","error":"错误: 重复键违反唯一约束\"user_pk\" (SQLSTATE 23505)"}
{"level":"INFO","time":"2024-05-15T21:48:28.881+0800","caller":"srlogger/logger.go:35","msg":"logger level: debug"}
{"level":"INFO","time":"2024-05-15T21:48:28.995+0800","caller":"srserver/server.go:52","msg":"init server success"}
{"level":"INFO","time":"2024-05-15T21:48:37.294+0800","caller":"handler/user_handler.go:18","msg":"sign up"}
{"level":"INFO","time":"2024-05-15T21:48:37.311+0800","caller":"handler/user_handler.go:73","msg":"sign up success"}
{"level":"INFO","time":"2024-05-15T21:48:37.311+0800","caller":"handler/response.go:40","msg":"reply success"}
{"level":"INFO","time":"2024-05-15T21:49:59.817+0800","caller":"handler/user_handler.go:18","msg":"sign up"}
{"level":"ERROR","time":"2024-05-15T21:49:59.826+0800","caller":"handler/user_handler.go:63","msg":"logic.signup failed","error":"user John Doe is not exist"}
{"level":"INFO","time":"2024-05-15T21:50:36.369+0800","caller":"handler/user_handler.go:18","msg":"sign up"}
{"level":"ERROR","time":"2024-05-15T21:50:36.376+0800","caller":"handler/user_handler.go:63","msg":"logic.signup failed","error":"user John Doe is not exist"}
{"level":"INFO","time":"2024-05-15T21:50:58.167+0800","caller":"handler/user_handler.go:18","msg":"sign up"}
{"level":"ERROR","time":"2024-05-15T21:50:58.170+0800","caller":"handler/user_handler.go:63","msg":"logic.signup failed","error":"user John Doe is not exist"}
{"level":"INFO","time":"2024-05-15T21:52:03.065+0800","caller":"handler/user_handler.go:18","msg":"sign up"}
{"level":"ERROR","time":"2024-05-15T21:52:03.079+0800","caller":"handler/user_handler.go:63","msg":"logic.signup failed","error":"user John Doe is not exist"}
{"level":"INFO","time":"2024-05-15T21:57:14.879+0800","caller":"srlogger/logger.go:35","msg":"logger level: debug"}
{"level":"INFO","time":"2024-05-15T21:57:14.998+0800","caller":"srserver/server.go:52","msg":"init server success"}
{"level":"INFO","time":"2024-05-15T21:57:25.024+0800","caller":"handler/user_handler.go:18","msg":"sign up"}
{"level":"ERROR","time":"2024-05-15T21:57:25.042+0800","caller":"handler/user_handler.go:63","msg":"logic.signup failed","error":"用户已存在"}
{"level":"INFO","time":"2024-05-15T21:57:40.287+0800","caller":"handler/user_handler.go:18","msg":"sign up"}
{"level":"INFO","time":"2024-05-15T21:57:40.307+0800","caller":"handler/user_handler.go:73","msg":"sign up success"}
{"level":"INFO","time":"2024-05-15T21:57:40.307+0800","caller":"handler/response.go:40","msg":"reply success"}
{"level":"INFO","time":"2024-05-16T03:57:25.008+0800","caller":"srlogger/logger.go:35","msg":"logger level: debug"}
{"level":"INFO","time":"2024-05-16T03:57:25.136+0800","caller":"srserver/server.go:52","msg":"init server success"}
{"level":"INFO","time":"2024-05-16T03:59:12.918+0800","caller":"srlogger/logger.go:35","msg":"logger level: debug"}
{"level":"INFO","time":"2024-05-16T03:59:13.146+0800","caller":"srserver/server.go:52","msg":"init server success"}
{"level":"ERROR","time":"2024-05-16T03:59:16.894+0800","caller":"handler/user_handler.go:100","msg":"logic.Login failed","username":"John Doe","error":"密码错误"}
{"level":"INFO","time":"2024-05-16T04:00:45.888+0800","caller":"srlogger/logger.go:35","msg":"logger level: debug"}
{"level":"INFO","time":"2024-05-16T04:00:46.014+0800","caller":"srserver/server.go:52","msg":"init server success"}
{"level":"ERROR","time":"2024-05-16T04:01:01.452+0800","caller":"handler/user_handler.go:100","msg":"logic.Login failed","username":"abca","error":"密码错误"}
{"level":"INFO","time":"2024-05-16T04:02:40.236+0800","caller":"srlogger/logger.go:35","msg":"logger level: debug"}
{"level":"INFO","time":"2024-05-16T04:02:40.348+0800","caller":"srserver/server.go:52","msg":"init server success"}
{"level":"INFO","time":"2024-05-16T04:02:56.432+0800","caller":"handler/response.go:40","msg":"reply success"}
{"level":"INFO","time":"2024-05-16T04:07:09.185+0800","caller":"handler/response.go:40","msg":"reply success"}
{"level":"INFO","time":"2024-05-16T04:08:54.264+0800","caller":"srlogger/logger.go:35","msg":"logger level: debug"}
{"level":"INFO","time":"2024-05-16T04:08:54.385+0800","caller":"srserver/server.go:52","msg":"init server success"}
{"level":"INFO","time":"2024-05-16T04:10:13.395+0800","caller":"srlogger/logger.go:35","msg":"logger level: debug"}
{"level":"INFO","time":"2024-05-16T04:10:13.532+0800","caller":"srserver/server.go:52","msg":"init server success"}
{"level":"INFO","time":"2024-05-16T04:10:24.523+0800","caller":"srlogger/logger.go:35","msg":"logger level: debug"}
{"level":"INFO","time":"2024-05-16T04:10:24.617+0800","caller":"srserver/server.go:52","msg":"init server success"}
{"level":"INFO","time":"2024-05-16T04:10:42.275+0800","caller":"srlogger/logger.go:35","msg":"logger level: debug"}
{"level":"INFO","time":"2024-05-16T04:10:42.397+0800","caller":"srserver/server.go:52","msg":"init server success"}
{"level":"INFO","time":"2024-05-16T04:11:25.668+0800","caller":"srlogger/logger.go:35","msg":"logger level: debug"}
{"level":"INFO","time":"2024-05-16T04:11:25.776+0800","caller":"srserver/server.go:52","msg":"init server success"}
{"level":"ERROR","time":"2024-05-16T04:11:30.909+0800","caller":"handler/user_handler.go:116","msg":"jwt.RefreshToken failed"}
{"level":"INFO","time":"2024-05-16T04:14:27.539+0800","caller":"srlogger/logger.go:35","msg":"logger level: debug"}
{"level":"INFO","time":"2024-05-16T04:14:27.660+0800","caller":"srserver/server.go:52","msg":"init server success"}
{"level":"INFO","time":"2024-05-16T04:15:01.295+0800","caller":"srlogger/logger.go:35","msg":"logger level: debug"}
{"level":"INFO","time":"2024-05-16T04:15:01.404+0800","caller":"srserver/server.go:52","msg":"init server success"}
{"level":"ERROR","time":"2024-05-16T04:15:08.912+0800","caller":"handler/user_handler.go:117","msg":"jwt.RefreshToken failed not expired"}
{"level":"INFO","time":"2024-05-16T04:15:44.017+0800","caller":"srlogger/logger.go:35","msg":"logger level: debug"}
{"level":"INFO","time":"2024-05-16T04:15:44.123+0800","caller":"srserver/server.go:52","msg":"init server success"}
{"level":"INFO","time":"2024-05-16T15:41:01.136+0800","caller":"srlogger/logger.go:43","msg":"logger level: debug"}
{"level":"INFO","time":"2024-05-16T15:41:01.402+0800","caller":"srserver/server.go:50","msg":"init server success"}
{"level":"INFO","time":"2024-05-16T15:41:23.364+0800","caller":"srlogger/logger.go:43","msg":"logger level: debug"}
{"level":"INFO","time":"2024-05-16T15:41:23.443+0800","caller":"srserver/server.go:50","msg":"init server success"}
{"level":"INFO","time":"2024-05-16T15:41:54.249+0800","caller":"handler/response.go:40","msg":"reply success"}
{"level":"INFO","time":"2024-05-17T03:46:27.566+0800","caller":"srlogger/logger.go:43","msg":"logger level: debug"}
{"level":"INFO","time":"2024-05-17T03:46:57.506+0800","caller":"srlogger/logger.go:43","msg":"logger level: debug"}
{"level":"INFO","time":"2024-05-17T03:57:46.048+0800","caller":"srlogger/logger.go:43","msg":"logger level: debug"}
{"level":"INFO","time":"2024-05-17T04:05:17.861+0800","caller":"srlogger/logger.go:43","msg":"logger level: debug"}
{"level":"INFO","time":"2024-05-17T04:08:03.230+0800","caller":"srlogger/logger.go:43","msg":"logger level: debug"}
{"level":"INFO","time":"2024-05-17T04:10:19.675+0800","caller":"srlogger/logger.go:43","msg":"logger level: debug"}
{"level":"INFO","time":"2024-05-17T04:11:23.504+0800","caller":"srlogger/logger.go:43","msg":"logger level: debug"}
{"level":"INFO","time":"2024-05-17T04:16:01.203+0800","caller":"srlogger/logger.go:43","msg":"logger level: debug"}
{"level":"INFO","time":"2024-05-17T04:24:50.249+0800","caller":"srlogger/logger.go:43","msg":"logger level: debug"}
{"level":"INFO","time":"2024-05-17T04:25:32.842+0800","caller":"srlogger/logger.go:43","msg":"logger level: debug"}
{"level":"INFO","time":"2024-05-17T04:45:18.982+0800","caller":"srserver/server.go:50","msg":"init server success"}
{"level":"INFO","time":"2024-05-17T04:48:31.328+0800","caller":"srserver/server.go:50","msg":"init server success"}
{"level":"INFO","time":"2024-05-17T04:49:41.218+0800","caller":"srserver/server.go:50","msg":"init server success"}
{"level":"INFO","time":"2024-05-17T04:52:30.507+0800","caller":"srserver/server.go:50","msg":"init server success"}
{"level":"INFO","time":"2024-05-17T14:53:44.950+0800","caller":"srserver/server.go:50","msg":"init server success"}
{"level":"INFO","time":"2024-05-17T14:53:56.021+0800","caller":"jwt/jwt.go:97","msg":"error parse token","error":"token has invalid claims: token is expired"}
{"level":"INFO","time":"2024-05-17T14:55:30.737+0800","caller":"jwt/jwt.go:97","msg":"error parse token","error":"token has invalid claims: token is expired"}
{"level":"INFO","time":"2024-05-17T15:23:46.127+0800","caller":"srserver/server.go:50","msg":"init server success"}
{"level":"WARN","time":"2024-05-17T15:23:56.444+0800","caller":"postgresql/community.go:19","msg":"get community by id err","error":"record not found"}
{"level":"INFO","time":"2024-05-17T15:58:33.291+0800","caller":"srserver/server.go:50","msg":"init server success"}
{"level":"INFO","time":"2024-05-17T15:59:24.721+0800","caller":"srserver/server.go:50","msg":"init server success"}
{"level":"INFO","time":"2024-05-17T16:05:51.681+0800","caller":"srserver/server.go:50","msg":"init server success"}
{"level":"INFO","time":"2024-05-17T16:06:26.656+0800","caller":"srserver/server.go:50","msg":"init server success"}
{"level":"INFO","time":"2024-05-17T16:07:02.632+0800","caller":"srserver/server.go:50","msg":"init server success"}
{"level":"INFO","time":"2024-05-17T16:07:59.318+0800","caller":"srserver/server.go:50","msg":"init server success"}
{"level":"INFO","time":"2024-05-17T16:09:04.057+0800","caller":"srserver/server.go:50","msg":"init server success"}
{"level":"INFO","time":"2024-05-17T16:11:26.615+0800","caller":"srserver/server.go:50","msg":"init server success"}
{"level":"INFO","time":"2024-05-18T03:27:19.177+0800","caller":"srserver/server.go:50","msg":"init server success"}
{"level":"WARN","time":"2024-05-18T03:38:43.998+0800","caller":"service/post_service.go:132","msg":"redis.GetPostIDsInOrder(p) return 0 data"}
{"level":"ERROR","time":"2024-05-18T03:39:41.035+0800","caller":"postgresql/post.go:78","msg":"Error getting posts","error":"clause ORDER BY is banned"}
{"level":"INFO","time":"2024-05-18T03:44:04.149+0800","caller":"srserver/server.go:50","msg":"init server success"}
{"level":"ERROR","time":"2024-05-18T03:44:09.356+0800","caller":"postgresql/post.go:78","msg":"Error getting posts","error":"clause ORDER BY is banned"}
{"level":"INFO","time":"2024-05-18T03:46:34.833+0800","caller":"srserver/server.go:50","msg":"init server success"}
{"level":"ERROR","time":"2024-05-18T03:46:43.100+0800","caller":"postgresql/post.go:78","msg":"Error getting posts","error":"clause ORDER BY is banned"}
{"level":"INFO","time":"2024-05-18T03:51:43.402+0800","caller":"srserver/server.go:50","msg":"init server success"}
{"level":"INFO","time":"2024-05-18T04:29:23.333+0800","caller":"srserver/server.go:50","msg":"init server success"}
{"level":"INFO","time":"2024-05-18T04:37:56.249+0800","caller":"srserver/server.go:50","msg":"init server success"}
{"level":"INFO","time":"2024-05-18T04:44:58.820+0800","caller":"srserver/server.go:50","msg":"init server success"}
{"level":"INFO","time":"2024-05-18T04:46:11.638+0800","caller":"srserver/server.go:50","msg":"init server success"}
{"level":"INFO","time":"2024-05-18T04:47:51.307+0800","caller":"srserver/server.go:50","msg":"init server success"}
{"level":"INFO","time":"2024-05-18T04:53:28.390+0800","caller":"srserver/server.go:50","msg":"init server success"}
{"level":"INFO","time":"2024-05-18T04:54:09.482+0800","caller":"srserver/server.go:50","msg":"init server success"}
{"level":"INFO","time":"2024-05-18T04:55:51.385+0800","caller":"srserver/server.go:50","msg":"init server success"}
{"level":"INFO","time":"2024-05-18T04:56:18.231+0800","caller":"srserver/server.go:50","msg":"init server success"}
{"level":"INFO","time":"2024-05-18T16:57:45.504+0800","caller":"srserver/server.go:33","msg":"init server success"}
